<?xml version="1.0" encoding="UTF-8"?>
<testng-results ignored="0" total="2" passed="2" failed="0" skipped="0">
  <reporter-output>
  </reporter-output>
  <suite started-at="2023-10-18T10:24:52 EDT" name="Default suite" finished-at="2023-10-18T10:25:10 EDT" duration-ms="18018">
    <groups>
    </groups>
    <test started-at="2023-10-18T10:24:52 EDT" name="Default test" finished-at="2023-10-18T10:25:10 EDT" duration-ms="18018">
      <class name="TestCases.PFtest">
        <test-method is-config="true" signature="launchbrowser()[pri:0, instance:TestCases.PFtest@738dc9b]" started-at="2023-10-18T10:24:52 EDT" name="launchbrowser" finished-at="2023-10-18T10:25:00 EDT" duration-ms="7746" status="PASS">
          <reporter-output>
          </reporter-output>
        </test-method> <!-- launchbrowser -->
        <test-method signature="launchURL()[pri:1, instance:TestCases.PFtest@738dc9b]" started-at="2023-10-18T10:25:00 EDT" name="launchURL" finished-at="2023-10-18T10:25:09 EDT" duration-ms="9347" status="PASS">
          <reporter-output>
          </reporter-output>
        </test-method> <!-- launchURL -->
        <test-method signature="Login()[pri:2, instance:TestCases.PFtest@738dc9b]" started-at="2023-10-18T10:25:09 EDT" name="Login" finished-at="2023-10-18T10:25:10 EDT" duration-ms="837" status="PASS">
          <reporter-output>
          </reporter-output>
        </test-method> <!-- Login -->
      </class> <!-- TestCases.PFtest -->
    </test> <!-- Default test -->
  </suite> <!-- Default suite -->
</testng-results>
